[debug] [2025-02-26T19:18:07.147Z] ----------------------------------------------------------------------
[debug] [2025-02-26T19:18:07.149Z] Command:       C:\Program Files\nodejs\node.exe C:\Users\tejas\AppData\Roaming\npm\node_modules\firebase-tools\lib\bin\firebase.js init
[debug] [2025-02-26T19:18:07.150Z] CLI Version:   13.31.2
[debug] [2025-02-26T19:18:07.150Z] Platform:      win32
[debug] [2025-02-26T19:18:07.150Z] Node Version:  v22.13.0
[debug] [2025-02-26T19:18:07.150Z] Time:          Thu Feb 27 2025 00:48:07 GMT+0530 (India Standard Time)
[debug] [2025-02-26T19:18:07.150Z] ----------------------------------------------------------------------
[debug] 
[debug] [2025-02-26T19:18:07.155Z] > command requires scopes: ["email","openid","https://www.googleapis.com/auth/cloudplatformprojects.readonly","https://www.googleapis.com/auth/firebase","https://www.googleapis.com/auth/cloud-platform"]
[debug] [2025-02-26T19:18:07.156Z] > authorizing via signed-in user (tejaspatil4112@gmail.com)
[info] 
     ######## #### ########  ######## ########     ###     ######  ########
     ##        ##  ##     ## ##       ##     ##  ##   ##  ##       ##
     ######    ##  ########  ######   ########  #########  ######  ######
     ##        ##  ##    ##  ##       ##     ## ##     ##       ## ##
     ##       #### ##     ## ######## ########  ##     ##  ######  ########

You're about to initialize a Firebase project in this directory:

  C:\Users\tejas\VS\Project\mswd\JaB

[info] 
=== Project Setup
[info] 
[info] First, let's associate this project directory with a Firebase project.
[info] You can create multiple project aliases by running firebase use --add, 
[info] but for now we'll just set up a default project.
[info] 
[info] i  If you want to create a project in a Google Cloud organization or folder, please use "firebase projects:create" instead, and return to this command when you've created the project. 
